
XXXXXXXXXXXXXXXXXXXXXXXXXXXXXXXXXXXXXXXXXXXXXXX
XXXXXXXXXXXXXXXXXXXXXXXXXXXXXXXXXXXXXXXXXXXXXXX


==========================
Vectors to be encoded are:|
[ 8 -1 -4  3], 
[-8 -5  9  7], 
[ 8  2  7 -7], 

==========================
concatenated embedding is:
3
4
4.71175355174112
5.977160438028798
2.2787090323608865
6.313387708574837
4.509819730223158
10.553051460643722
7.391278090867309
9.116769964309757
5.403873305930562
5.292043169210447
12.181659089431442
7.915332741728193
6.341607654259072
6.407034232226631
6.308754488187963
8.19956911811357
3.6251803395690914
7.359448640965423
4.407777826681421
12.994788083863279
12.779173276088777
10.717128436369887
7.73758228104532
9.0
-8.0
-8.0
-5.0
-4.0
-7.0
28.339843311033363
36.837715531571526
18.129021599211008
41.574348618597384
24.529923542483985
19.807648394236956
29.21590986803323
25.43954948564622
22.591158543395643
17.53657363379634
15.487427143425874
35.84843865231694
23.835423219535063
32.888108645628044
13.796394612403033
17.945177035455774
24.164444107666608
-8.0
8.0
8.0
-5.0
-1.0
2.0
-4.0
7.0
9.0
-7.0
3.0
7.0
-1.109043618275561
4.490289775196239
6.152787221770179
-7.0217073313311955
-1.0637313014636525
20.842946858817395
-12.812927921740217
-1.7473846272187488
6.636800934280739

XXXXXXXXXXXXXXXXXXXXXXXXXXXXXXXXXXXXXXXXXXXXXXX
XXXXXXXXXXXXXXXXXXXXXXXXXXXXXXXXXXXXXXXXXXXXXXX


XXXXXXXXXXXXXXXXXXXXXXXXXXXXXXXXXXXXXXXXXXXXXXX
XXXXXXXXXXXXXXXXXXXXXXXXXXXXXXXXXXXXXXXXXXXXXXX


==========================
Vectors to be encoded are:|
[ 8  2  7 -7], 
[ 8 -1 -4  3], 
[-8 -5  9  7], 

==========================
concatenated embedding is:
3
4
4.71175355174112
5.977160438028798
2.2787090323608865
6.313387708574837
4.509819730223158
10.553051460643722
7.391278090867309
9.116769964309757
5.403873305930562
5.292043169210447
12.181659089431442
7.915332741728193
6.341607654259072
6.407034232226631
6.308754488187963
8.19956911811357
3.6251803395690914
7.359448640965423
4.407777826681421
12.994788083863279
12.779173276088777
10.717128436369887
7.73758228104532
9.0
-8.0
-8.0
-5.0
-4.0
-7.0
28.339843311033363
36.837715531571526
18.129021599211008
41.574348618597384
24.529923542483985
19.807648394236956
29.21590986803323
25.43954948564622
22.591158543395643
17.53657363379634
15.487427143425874
35.84843865231694
23.835423219535063
32.888108645628044
13.796394612403033
17.945177035455774
24.164444107666608
-8.0
8.0
8.0
-5.0
-1.0
2.0
-4.0
7.0
9.0
-7.0
3.0
7.0
-1.109043618275561
4.490289775196239
6.152787221770179
-7.0217073313311955
-1.0637313014636525
20.842946858817395
-12.812927921740217
-1.7473846272187488
6.636800934280739

XXXXXXXXXXXXXXXXXXXXXXXXXXXXXXXXXXXXXXXXXXXXXXX
XXXXXXXXXXXXXXXXXXXXXXXXXXXXXXXXXXXXXXXXXXXXXXX


XXXXXXXXXXXXXXXXXXXXXXXXXXXXXXXXXXXXXXXXXXXXXXX
XXXXXXXXXXXXXXXXXXXXXXXXXXXXXXXXXXXXXXXXXXXXXXX


==========================
Vectors to be encoded are:|
[ 8. -1. -4.  3.], 
[-8. -5.  9.  7.], 
[ 8.     2.     7.    -7.001], 

==========================
concatenated embedding is:
3
4
4.719651254004077
5.979427034138602
2.28441750749495
6.319709151435526
4.509340722734022
10.557553441632395
7.39254991702569
9.11203920275694
5.407216607393776
5.293105427572275
12.177231863291002
7.913151416084888
6.347351463721462
6.403389678536323
6.309944994089385
8.20225304062074
3.6310644514226134
7.359559697643688
4.412164741379676
12.993962446446371
12.771965649287559
10.717361169934732
7.736700316237602
9.0
-8.0
-8.0
-5.0
-4.0
-7.001
28.33848298140029
36.83876302864801
18.12788829210847
41.57575431718176
24.52955562553062
19.807556439500072
29.21692041211299
25.442128817638476
22.590340827287655
17.53587148905695
15.487527621617089
35.8502416022132
23.83627710444785
32.889121458640474
13.79514178410748
17.945878862229048
24.164174086443914
-8.0
8.0
8.0
-5.0
-1.0
2.0
-4.0
7.0
9.0
-7.001
3.0
7.0
-1.109043618275561
4.490184875079086
6.152787221770179
-7.0217073313311955
-1.064678382426782
20.842946858817395
-12.812969247719565
-1.7473846272187488
6.636800934280739

XXXXXXXXXXXXXXXXXXXXXXXXXXXXXXXXXXXXXXXXXXXXXXX
XXXXXXXXXXXXXXXXXXXXXXXXXXXXXXXXXXXXXXXXXXXXXXX

